<?xml version="1.0" encoding="UTF-8"?>
<!-- Generated by org.testng.reporters.JUnitXMLReporter -->
<testsuite ignored="0" hostname="Tsales-p014" failures="0" tests="3" name="Default test" time="18.361" errors="0" timestamp="2023-10-24T12:43:10 EET">
  <testcase classname="swaglab.myClass" name="LoginWithPerformanceUser" time="8.871"/>
  <testcase classname="swaglab.myClass" name="LoginWithProblemUser" time="3.685"/>
  <testcase classname="swaglab.myClass" name="LoginWithStandardUSer" time="3.822"/>
</testsuite> <!-- Default test -->
