<?xml version="1.0" encoding="UTF-8"?>
<testng-results ignored="0" total="3" passed="3" failed="0" skipped="0">
  <reporter-output>
  </reporter-output>
  <suite started-at="2023-10-24T12:42:51 EET" name="Default suite" finished-at="2023-10-24T12:43:09 EET" duration-ms="18361">
    <groups>
    </groups>
    <test started-at="2023-10-24T12:42:51 EET" name="Default test" finished-at="2023-10-24T12:43:09 EET" duration-ms="18361">
      <class name="swaglab.myClass">
        <test-method is-config="true" signature="mySetup()[pri:0, instance:swaglab.myClass@3829ac1]" started-at="2023-10-24T12:42:51 EET" name="mySetup" finished-at="2023-10-24T12:42:53 EET" duration-ms="1715" status="PASS">
          <reporter-output>
          </reporter-output>
        </test-method> <!-- mySetup -->
        <test-method signature="LoginWithPerformanceUser()[pri:0, instance:swaglab.myClass@3829ac1]" started-at="2023-10-24T12:42:53 EET" name="LoginWithPerformanceUser" finished-at="2023-10-24T12:43:02 EET" duration-ms="8871" status="PASS">
          <reporter-output>
          </reporter-output>
        </test-method> <!-- LoginWithPerformanceUser -->
        <test-method is-config="true" signature="mySetup()[pri:0, instance:swaglab.myClass@3829ac1]" started-at="2023-10-24T12:43:02 EET" name="mySetup" finished-at="2023-10-24T12:43:02 EET" duration-ms="57" status="PASS">
          <reporter-output>
          </reporter-output>
        </test-method> <!-- mySetup -->
        <test-method signature="LoginWithProblemUser()[pri:0, instance:swaglab.myClass@3829ac1]" started-at="2023-10-24T12:43:02 EET" name="LoginWithProblemUser" finished-at="2023-10-24T12:43:05 EET" duration-ms="3685" status="PASS">
          <reporter-output>
          </reporter-output>
        </test-method> <!-- LoginWithProblemUser -->
        <test-method is-config="true" signature="mySetup()[pri:0, instance:swaglab.myClass@3829ac1]" started-at="2023-10-24T12:43:05 EET" name="mySetup" finished-at="2023-10-24T12:43:06 EET" duration-ms="119" status="PASS">
          <reporter-output>
          </reporter-output>
        </test-method> <!-- mySetup -->
        <test-method signature="LoginWithStandardUSer()[pri:0, instance:swaglab.myClass@3829ac1]" started-at="2023-10-24T12:43:06 EET" name="LoginWithStandardUSer" finished-at="2023-10-24T12:43:09 EET" duration-ms="3822" status="PASS">
          <reporter-output>
          </reporter-output>
        </test-method> <!-- LoginWithStandardUSer -->
        <test-method is-config="true" signature="myPostTesting()[pri:0, instance:swaglab.myClass@3829ac1]" started-at="2023-10-24T12:43:09 EET" name="myPostTesting" finished-at="2023-10-24T12:43:09 EET" duration-ms="1" status="PASS">
          <reporter-output>
          </reporter-output>
        </test-method> <!-- myPostTesting -->
      </class> <!-- swaglab.myClass -->
    </test> <!-- Default test -->
  </suite> <!-- Default suite -->
</testng-results>
